d:\2022code\c-code\7.4\7.4\x64\debug\vc143.pdb
d:\2022code\c-code\7.4\7.4\x64\debug\vc143.idb
d:\2022code\c-code\7.4\7.4\x64\debug\7.4.2.obj
d:\2022code\c-code\7.4\7.4\x64\debug\7.4.1.obj
d:\2022code\c-code\7.4\x64\debug\7.4.pdb
d:\2022code\c-code\7.4\7.4\x64\debug\7.4.tlog\cl.command.1.tlog
d:\2022code\c-code\7.4\7.4\x64\debug\7.4.tlog\cl.read.1.tlog
d:\2022code\c-code\7.4\7.4\x64\debug\7.4.tlog\cl.write.1.tlog
d:\2022code\c-code\7.4\7.4\x64\debug\7.4.tlog\link-cvtres.read.1.tlog
d:\2022code\c-code\7.4\7.4\x64\debug\7.4.tlog\link-cvtres.write.1.tlog
d:\2022code\c-code\7.4\7.4\x64\debug\7.4.tlog\link-rc.read.1.tlog
d:\2022code\c-code\7.4\7.4\x64\debug\7.4.tlog\link-rc.write.1.tlog
d:\2022code\c-code\7.4\7.4\x64\debug\7.4.tlog\link.9220-cvtres.read.1.tlog
d:\2022code\c-code\7.4\7.4\x64\debug\7.4.tlog\link.9220-cvtres.write.1.tlog
d:\2022code\c-code\7.4\7.4\x64\debug\7.4.tlog\link.9220-rc.read.1.tlog
d:\2022code\c-code\7.4\7.4\x64\debug\7.4.tlog\link.9220-rc.write.1.tlog
d:\2022code\c-code\7.4\7.4\x64\debug\7.4.tlog\link.9220.read.1.tlog
d:\2022code\c-code\7.4\7.4\x64\debug\7.4.tlog\link.9220.read.2.tlog
d:\2022code\c-code\7.4\7.4\x64\debug\7.4.tlog\link.9220.write.1.tlog
d:\2022code\c-code\7.4\7.4\x64\debug\7.4.tlog\link.command.1.tlog
d:\2022code\c-code\7.4\7.4\x64\debug\7.4.tlog\link.read.1.tlog
d:\2022code\c-code\7.4\7.4\x64\debug\7.4.tlog\link.read.2.tlog
d:\2022code\c-code\7.4\7.4\x64\debug\7.4.tlog\link.write.1.tlog
