  7.24.1.c
D:\2022code\C-CODE\7.24\7.24.1\7.24.1\7.24.1.c(49,35): warning C4090: “函数”: 不同的“const”限定符
D:\2022code\C-CODE\7.24\7.24.1\7.24.1\7.24.1.c(49,35): warning C4113: “int (__cdecl *)(void *,void *)”和“int (__cdecl *)(const void *,const void *)”的参数列表不同
D:\2022code\C-CODE\7.24\7.24.1\7.24.1\7.24.1.c(55,9): warning C4477: “printf”: 格式字符串“%d”需要类型“int”的参数，但可变参数 1 拥有了类型“size_t”
D:\2022code\C-CODE\7.24\7.24.1\7.24.1\7.24.1.c(55,9): message : 请考虑在格式字符串中使用“%zd”
D:\2022code\C-CODE\7.24\7.24.1\7.24.1\7.24.1.c(56,9): warning C4477: “printf”: 格式字符串“%d”需要类型“int”的参数，但可变参数 1 拥有了类型“size_t”
D:\2022code\C-CODE\7.24\7.24.1\7.24.1\7.24.1.c(56,9): message : 请考虑在格式字符串中使用“%zd”
D:\2022code\C-CODE\7.24\7.24.1\7.24.1\7.24.1.c(57,9): warning C4477: “printf”: 格式字符串“%d”需要类型“int”的参数，但可变参数 1 拥有了类型“size_t”
D:\2022code\C-CODE\7.24\7.24.1\7.24.1\7.24.1.c(57,9): message : 请考虑在格式字符串中使用“%zd”
D:\2022code\C-CODE\7.24\7.24.1\7.24.1\7.24.1.c(58,9): warning C4477: “printf”: 格式字符串“%d”需要类型“int”的参数，但可变参数 1 拥有了类型“size_t”
D:\2022code\C-CODE\7.24\7.24.1\7.24.1\7.24.1.c(58,9): message : 请考虑在格式字符串中使用“%zd”
D:\2022code\C-CODE\7.24\7.24.1\7.24.1\7.24.1.c(59,9): warning C4477: “printf”: 格式字符串“%d”需要类型“int”的参数，但可变参数 1 拥有了类型“size_t”
D:\2022code\C-CODE\7.24\7.24.1\7.24.1\7.24.1.c(59,9): message : 请考虑在格式字符串中使用“%zd”
D:\2022code\C-CODE\7.24\7.24.1\7.24.1\7.24.1.c(61,9): warning C4477: “printf”: 格式字符串“%d”需要类型“int”的参数，但可变参数 1 拥有了类型“size_t”
D:\2022code\C-CODE\7.24\7.24.1\7.24.1\7.24.1.c(61,9): message : 请考虑在格式字符串中使用“%zd”
D:\2022code\C-CODE\7.24\7.24.1\7.24.1\7.24.1.c(62,9): warning C4477: “printf”: 格式字符串“%d”需要类型“int”的参数，但可变参数 1 拥有了类型“size_t”
D:\2022code\C-CODE\7.24\7.24.1\7.24.1\7.24.1.c(62,9): message : 请考虑在格式字符串中使用“%zd”
D:\2022code\C-CODE\7.24\7.24.1\7.24.1\7.24.1.c(63,9): warning C4477: “printf”: 格式字符串“%d”需要类型“int”的参数，但可变参数 1 拥有了类型“size_t”
D:\2022code\C-CODE\7.24\7.24.1\7.24.1\7.24.1.c(63,9): message : 请考虑在格式字符串中使用“%zd”
D:\2022code\C-CODE\7.24\7.24.1\7.24.1\7.24.1.c(64,9): warning C4477: “printf”: 格式字符串“%d”需要类型“int”的参数，但可变参数 1 拥有了类型“size_t”
D:\2022code\C-CODE\7.24\7.24.1\7.24.1\7.24.1.c(64,9): message : 请考虑在格式字符串中使用“%zd”
D:\2022code\C-CODE\7.24\7.24.1\7.24.1\7.24.1.c(65,9): warning C4477: “printf”: 格式字符串“%d”需要类型“int”的参数，但可变参数 1 拥有了类型“size_t”
D:\2022code\C-CODE\7.24\7.24.1\7.24.1\7.24.1.c(65,9): message : 请考虑在格式字符串中使用“%zd”
D:\2022code\C-CODE\7.24\7.24.1\7.24.1\7.24.1.c(68,9): warning C4477: “printf”: 格式字符串“%d”需要类型“int”的参数，但可变参数 1 拥有了类型“size_t”
D:\2022code\C-CODE\7.24\7.24.1\7.24.1\7.24.1.c(68,9): message : 请考虑在格式字符串中使用“%zd”
D:\2022code\C-CODE\7.24\7.24.1\7.24.1\7.24.1.c(69,9): warning C4477: “printf”: 格式字符串“%d”需要类型“int”的参数，但可变参数 1 拥有了类型“size_t”
D:\2022code\C-CODE\7.24\7.24.1\7.24.1\7.24.1.c(69,9): message : 请考虑在格式字符串中使用“%zd”
D:\2022code\C-CODE\7.24\7.24.1\7.24.1\7.24.1.c(70,9): warning C4477: “printf”: 格式字符串“%d”需要类型“int”的参数，但可变参数 1 拥有了类型“size_t”
D:\2022code\C-CODE\7.24\7.24.1\7.24.1\7.24.1.c(70,9): message : 请考虑在格式字符串中使用“%zd”
D:\2022code\C-CODE\7.24\7.24.1\7.24.1\7.24.1.c(71,9): warning C4477: “printf”: 格式字符串“%d”需要类型“int”的参数，但可变参数 1 拥有了类型“size_t”
D:\2022code\C-CODE\7.24\7.24.1\7.24.1\7.24.1.c(71,9): message : 请考虑在格式字符串中使用“%zd”
D:\2022code\C-CODE\7.24\7.24.1\7.24.1\7.24.1.c(72,9): warning C4477: “printf”: 格式字符串“%d”需要类型“int”的参数，但可变参数 1 拥有了类型“size_t”
D:\2022code\C-CODE\7.24\7.24.1\7.24.1\7.24.1.c(72,9): message : 请考虑在格式字符串中使用“%zd”
D:\2022code\C-CODE\7.24\7.24.1\7.24.1\7.24.1.c(73,9): warning C4477: “printf”: 格式字符串“%d”需要类型“int”的参数，但可变参数 1 拥有了类型“size_t”
D:\2022code\C-CODE\7.24\7.24.1\7.24.1\7.24.1.c(73,9): message : 请考虑在格式字符串中使用“%zd”
D:\2022code\C-CODE\7.24\7.24.1\7.24.1\7.24.1.c(74,9): warning C4477: “printf”: 格式字符串“%d”需要类型“int”的参数，但可变参数 1 拥有了类型“size_t”
D:\2022code\C-CODE\7.24\7.24.1\7.24.1\7.24.1.c(74,9): message : 请考虑在格式字符串中使用“%zd”
D:\2022code\C-CODE\7.24\7.24.1\7.24.1\7.24.1.c(76,9): warning C4477: “printf”: 格式字符串“%d”需要类型“int”的参数，但可变参数 1 拥有了类型“size_t”
D:\2022code\C-CODE\7.24\7.24.1\7.24.1\7.24.1.c(76,9): message : 请考虑在格式字符串中使用“%zd”
D:\2022code\C-CODE\7.24\7.24.1\7.24.1\7.24.1.c(77,9): warning C4477: “printf”: 格式字符串“%d”需要类型“int”的参数，但可变参数 1 拥有了类型“size_t”
D:\2022code\C-CODE\7.24\7.24.1\7.24.1\7.24.1.c(77,9): message : 请考虑在格式字符串中使用“%zd”
D:\2022code\C-CODE\7.24\7.24.1\7.24.1\7.24.1.c(78,26): warning C4047: “函数”:“const char *”与“char”的间接级别不同
D:\2022code\C-CODE\7.24\7.24.1\7.24.1\7.24.1.c(78,24): warning C4024: “strlen”: 形参和实参 1 的类型不同
D:\2022code\C-CODE\7.24\7.24.1\7.24.1\7.24.1.c(78,9): warning C4477: “printf”: 格式字符串“%d”需要类型“int”的参数，但可变参数 1 拥有了类型“size_t”
D:\2022code\C-CODE\7.24\7.24.1\7.24.1\7.24.1.c(78,9): message : 请考虑在格式字符串中使用“%zd”
D:\2022code\C-CODE\7.24\7.24.1\7.24.1\7.24.1.c(79,28): warning C4047: “函数”:“const char *”与“char”的间接级别不同
D:\2022code\C-CODE\7.24\7.24.1\7.24.1\7.24.1.c(79,25): warning C4024: “strlen”: 形参和实参 1 的类型不同
D:\2022code\C-CODE\7.24\7.24.1\7.24.1\7.24.1.c(79,9): warning C4477: “printf”: 格式字符串“%d”需要类型“int”的参数，但可变参数 1 拥有了类型“size_t”
D:\2022code\C-CODE\7.24\7.24.1\7.24.1\7.24.1.c(79,9): message : 请考虑在格式字符串中使用“%zd”
D:\2022code\C-CODE\7.24\7.24.1\7.24.1\7.24.1.c(80,26): warning C4047: “函数”:“const char *”与“char (*)[6]”的间接级别不同
D:\2022code\C-CODE\7.24\7.24.1\7.24.1\7.24.1.c(80,24): warning C4024: “strlen”: 形参和实参 1 的类型不同
D:\2022code\C-CODE\7.24\7.24.1\7.24.1\7.24.1.c(80,9): warning C4477: “printf”: 格式字符串“%d”需要类型“int”的参数，但可变参数 1 拥有了类型“size_t”
D:\2022code\C-CODE\7.24\7.24.1\7.24.1\7.24.1.c(80,9): message : 请考虑在格式字符串中使用“%zd”
D:\2022code\C-CODE\7.24\7.24.1\7.24.1\7.24.1.c(81,30): warning C4047: “函数”:“const char *”与“char (*)[6]”的间接级别不同
D:\2022code\C-CODE\7.24\7.24.1\7.24.1\7.24.1.c(81,27): warning C4024: “strlen”: 形参和实参 1 的类型不同
D:\2022code\C-CODE\7.24\7.24.1\7.24.1\7.24.1.c(81,9): warning C4477: “printf”: 格式字符串“%d”需要类型“int”的参数，但可变参数 1 拥有了类型“size_t”
D:\2022code\C-CODE\7.24\7.24.1\7.24.1\7.24.1.c(81,9): message : 请考虑在格式字符串中使用“%zd”
D:\2022code\C-CODE\7.24\7.24.1\7.24.1\7.24.1.c(82,9): warning C4477: “printf”: 格式字符串“%d”需要类型“int”的参数，但可变参数 1 拥有了类型“size_t”
D:\2022code\C-CODE\7.24\7.24.1\7.24.1\7.24.1.c(82,9): message : 请考虑在格式字符串中使用“%zd”
  7.24.1.vcxproj -> D:\2022code\C-CODE\7.24\7.24.1\x64\Debug\7.24.1.exe
